# JRE version: OpenJDK Runtime Environment Temurin-21.0.9+10 (21.0.9+10) (build 21.0.9+10-LTS)
# Java VM: OpenJDK 64-Bit Server VM Temurin-21.0.9+10 (21.0.9+10-LTS, mixed mode, sharing, tiered, compressed oops, compressed class ptrs, parallel gc, windows-amd64)
GC Precious Log:
 CardTable entry size: 512
 CPUs: 4 total, 4 available
 Memory: 1909M
 Large Page Support: Disabled
 NUMA Support: Disabled
 Compressed Oops: Enabled (32-bit)
 Alignments: Space 512K, Generation 512K, Heap 2M
 Heap Min Capacity: 100M
 Heap Initial Capacity: 100M
 Heap Max Capacity: 2G
 Pre-touch: Disabled
 Parallel Workers: 4
Heap:
 PSYoungGen      total 11264K, used 11227K [0x00000000d5580000, 0x00000000d6200000, 0x0000000100000000)
  eden space 9728K, 100% used [0x00000000d5580000,0x00000000d5f00000,0x00000000d5f00000)
  from space 1536K, 97% used [0x00000000d5f00000,0x00000000d6076e70,0x00000000d6080000)
  to   space 1536K, 0% used [0x00000000d6080000,0x00000000d6080000,0x00000000d6200000)
 ParOldGen       total 110080K, used 85070K [0x0000000080000000, 0x0000000086b80000, 0x00000000d5580000)
  object space 110080K, 77% used [0x0000000080000000,0x00000000853138d8,0x0000000086b80000)
 Metaspace       used 58230K, committed 59648K, reserved 1114112K
  class space    used 6294K, committed 6976K, reserved 1048576K
GC Heap History (20 events):
Event: 422.477 GC heap before
{Heap before GC invocations=94 (full 2):
 PSYoungGen      total 12288K, used 11904K [0x00000000d5580000, 0x00000000d6280000, 0x0000000100000000)
  eden space 11264K, 100% used [0x00000000d5580000,0x00000000d6080000,0x00000000d6080000)
  from space 1024K, 62% used [0x00000000d6080000,0x00000000d6120000,0x00000000d6180000)
  to   space 1024K, 0% used [0x00000000d6180000,0x00000000d6180000,0x00000000d6280000)
 ParOldGen       total 99840K, used 99641K [0x0000000080000000, 0x0000000086180000, 0x00000000d5580000)
  object space 99840K, 99% used [0x0000000080000000,0x000000008614e548,0x0000000086180000)
 Metaspace       used 57797K, committed 59264K, reserved 1114112K
  class space    used 6229K, committed 6912K, reserved 1048576K
}
Event: 422.490 GC heap after
{Heap after GC invocations=94 (full 2):
 PSYoungGen      total 12288K, used 608K [0x00000000d5580000, 0x00000000d6280000, 0x0000000100000000)
  eden space 11264K, 0% used [0x00000000d5580000,0x00000000d5580000,0x00000000d6080000)
  from space 1024K, 59% used [0x00000000d6180000,0x00000000d6218000,0x00000000d6280000)
  to   space 1024K, 0% used [0x00000000d6080000,0x00000000d6080000,0x00000000d6180000)
 ParOldGen       total 100352K, used 100217K [0x0000000080000000, 0x0000000086200000, 0x00000000d5580000)
  object space 100352K, 99% used [0x0000000080000000,0x00000000861de548,0x0000000086200000)
 Metaspace       used 57797K, committed 59264K, reserved 1114112K
  class space    used 6229K, committed 6912K, reserved 1048576K
}
Event: 423.372 GC heap before
{Heap before GC invocations=95 (full 2):
 PSYoungGen      total 12288K, used 11872K [0x00000000d5580000, 0x00000000d6280000, 0x0000000100000000)
  eden space 11264K, 100% used [0x00000000d5580000,0x00000000d6080000,0x00000000d6080000)
  from space 1024K, 59% used [0x00000000d6180000,0x00000000d6218000,0x00000000d6280000)
  to   space 1024K, 0% used [0x00000000d6080000,0x00000000d6080000,0x00000000d6180000)
 ParOldGen       total 100352K, used 100217K [0x0000000080000000, 0x0000000086200000, 0x00000000d5580000)
  object space 100352K, 99% used [0x0000000080000000,0x00000000861de548,0x0000000086200000)
 Metaspace       used 57800K, committed 59264K, reserved 1114112K
  class space    used 6229K, committed 6912K, reserved 1048576K
}
Event: 423.385 GC heap after
{Heap after GC invocations=95 (full 2):
 PSYoungGen      total 12288K, used 928K [0x00000000d5580000, 0x00000000d6280000, 0x0000000100000000)
  eden space 11264K, 0% used [0x00000000d5580000,0x00000000d5580000,0x00000000d6080000)
  from space 1024K, 90% used [0x00000000d6080000,0x00000000d6168000,0x00000000d6180000)
  to   space 1024K, 0% used [0x00000000d6180000,0x00000000d6180000,0x00000000d6280000)
 ParOldGen       total 100864K, used 100785K [0x0000000080000000, 0x0000000086280000, 0x00000000d5580000)
  object space 100864K, 99% used [0x0000000080000000,0x000000008626c548,0x0000000086280000)
 Metaspace       used 57800K, committed 59264K, reserved 1114112K
  class space    used 6229K, committed 6912K, reserved 1048576K
}
Event: 423.927 GC heap before
{Heap before GC invocations=96 (full 2):
 PSYoungGen      total 12288K, used 12192K [0x00000000d5580000, 0x00000000d6280000, 0x0000000100000000)
  eden space 11264K, 100% used [0x00000000d5580000,0x00000000d6080000,0x00000000d6080000)
  from space 1024K, 90% used [0x00000000d6080000,0x00000000d6168000,0x00000000d6180000)
  to   space 1024K, 0% used [0x00000000d6180000,0x00000000d6180000,0x00000000d6280000)
 ParOldGen       total 100864K, used 100785K [0x0000000080000000, 0x0000000086280000, 0x00000000d5580000)
  object space 100864K, 99% used [0x0000000080000000,0x000000008626c548,0x0000000086280000)
 Metaspace       used 57836K, committed 59264K, reserved 1114112K
  class space    used 6231K, committed 6912K, reserved 1048576K
}
Event: 423.955 GC heap after
{Heap after GC invocations=96 (full 2):
 PSYoungGen      total 12288K, used 723K [0x00000000d5580000, 0x00000000d6280000, 0x0000000100000000)
  eden space 11264K, 0% used [0x00000000d5580000,0x00000000d5580000,0x00000000d6080000)
  from space 1024K, 70% used [0x00000000d6180000,0x00000000d6234ce8,0x00000000d6280000)
  to   space 1024K, 0% used [0x00000000d6080000,0x00000000d6080000,0x00000000d6180000)
 ParOldGen       total 101888K, used 101633K [0x0000000080000000, 0x0000000086380000, 0x00000000d5580000)
  object space 101888K, 99% used [0x0000000080000000,0x0000000086340548,0x0000000086380000)
 Metaspace       used 57836K, committed 59264K, reserved 1114112K
  class space    used 6231K, committed 6912K, reserved 1048576K
}
Event: 424.401 GC heap before
{Heap before GC invocations=97 (full 2):
 PSYoungGen      total 12288K, used 11987K [0x00000000d5580000, 0x00000000d6280000, 0x0000000100000000)
  eden space 11264K, 100% used [0x00000000d5580000,0x00000000d6080000,0x00000000d6080000)
  from space 1024K, 70% used [0x00000000d6180000,0x00000000d6234ce8,0x00000000d6280000)
  to   space 1024K, 0% used [0x00000000d6080000,0x00000000d6080000,0x00000000d6180000)
 ParOldGen       total 101888K, used 101633K [0x0000000080000000, 0x0000000086380000, 0x00000000d5580000)
  object space 101888K, 99% used [0x0000000080000000,0x0000000086340548,0x0000000086380000)
 Metaspace       used 57855K, committed 59264K, reserved 1114112K
  class space    used 6234K, committed 6912K, reserved 1048576K
}
Event: 424.417 GC heap after
{Heap after GC invocations=97 (full 2):
 PSYoungGen      total 12288K, used 800K [0x00000000d5580000, 0x00000000d6280000, 0x0000000100000000)
  eden space 11264K, 0% used [0x00000000d5580000,0x00000000d5580000,0x00000000d6080000)
  from space 1024K, 78% used [0x00000000d6080000,0x00000000d6148000,0x00000000d6180000)
  to   space 1024K, 0% used [0x00000000d6180000,0x00000000d6180000,0x00000000d6280000)
 ParOldGen       total 103424K, used 103049K [0x0000000080000000, 0x0000000086500000, 0x00000000d5580000)
  object space 103424K, 99% used [0x0000000080000000,0x00000000864a2548,0x0000000086500000)
 Metaspace       used 57855K, committed 59264K, reserved 1114112K
  class space    used 6234K, committed 6912K, reserved 1048576K
}
Event: 425.170 GC heap before
{Heap before GC invocations=98 (full 2):
 PSYoungGen      total 12288K, used 12064K [0x00000000d5580000, 0x00000000d6280000, 0x0000000100000000)
  eden space 11264K, 100% used [0x00000000d5580000,0x00000000d6080000,0x00000000d6080000)
  from space 1024K, 78% used [0x00000000d6080000,0x00000000d6148000,0x00000000d6180000)
  to   space 1024K, 0% used [0x00000000d6180000,0x00000000d6180000,0x00000000d6280000)
 ParOldGen       total 103424K, used 103049K [0x0000000080000000, 0x0000000086500000, 0x00000000d5580000)
  object space 103424K, 99% used [0x0000000080000000,0x00000000864a2548,0x0000000086500000)
 Metaspace       used 57872K, committed 59328K, reserved 1114112K
  class space    used 6239K, committed 6912K, reserved 1048576K
}
Event: 425.181 GC heap after
{Heap after GC invocations=98 (full 2):
 PSYoungGen      total 11264K, used 1024K [0x00000000d5580000, 0x00000000d6480000, 0x0000000100000000)
  eden space 10240K, 0% used [0x00000000d5580000,0x00000000d5580000,0x00000000d5f80000)
  from space 1024K, 100% used [0x00000000d6180000,0x00000000d6280000,0x00000000d6280000)
  to   space 2048K, 0% used [0x00000000d5f80000,0x00000000d5f80000,0x00000000d6180000)
 ParOldGen       total 103936K, used 103855K [0x0000000080000000, 0x0000000086580000, 0x00000000d5580000)
  object space 103936K, 99% used [0x0000000080000000,0x000000008656bc20,0x0000000086580000)
 Metaspace       used 57872K, committed 59328K, reserved 1114112K
  class space    used 6239K, committed 6912K, reserved 1048576K
}
Event: 425.548 GC heap before
{Heap before GC invocations=99 (full 2):
 PSYoungGen      total 11264K, used 11264K [0x00000000d5580000, 0x00000000d6480000, 0x0000000100000000)
  eden space 10240K, 100% used [0x00000000d5580000,0x00000000d5f80000,0x00000000d5f80000)
  from space 1024K, 100% used [0x00000000d6180000,0x00000000d6280000,0x00000000d6280000)
  to   space 2048K, 0% used [0x00000000d5f80000,0x00000000d5f80000,0x00000000d6180000)
 ParOldGen       total 103936K, used 103855K [0x0000000080000000, 0x0000000086580000, 0x00000000d5580000)
  object space 103936K, 99% used [0x0000000080000000,0x000000008656bc20,0x0000000086580000)
 Metaspace       used 57872K, committed 59328K, reserved 1114112K
  class space    used 6239K, committed 6912K, reserved 1048576K
}
Event: 425.557 GC heap after
{Heap after GC invocations=99 (full 2):
 PSYoungGen      total 11776K, used 1276K [0x00000000d5580000, 0x00000000d6280000, 0x0000000100000000)
  eden space 10240K, 0% used [0x00000000d5580000,0x00000000d5580000,0x00000000d5f80000)
  from space 1536K, 83% used [0x00000000d5f80000,0x00000000d60bf280,0x00000000d6100000)
  to   space 1536K, 0% used [0x00000000d6100000,0x00000000d6100000,0x00000000d6280000)
 ParOldGen       total 104960K, used 104871K [0x0000000080000000, 0x0000000086680000, 0x00000000d5580000)
  object space 104960K, 99% used [0x0000000080000000,0x0000000086669c20,0x0000000086680000)
 Metaspace       used 57872K, committed 59328K, reserved 1114112K
  class space    used 6239K, committed 6912K, reserved 1048576K
}
Event: 426.624 GC heap before
{Heap before GC invocations=100 (full 2):
 PSYoungGen      total 11776K, used 11516K [0x00000000d5580000, 0x00000000d6280000, 0x0000000100000000)
  eden space 10240K, 100% used [0x00000000d5580000,0x00000000d5f80000,0x00000000d5f80000)
  from space 1536K, 83% used [0x00000000d5f80000,0x00000000d60bf280,0x00000000d6100000)
  to   space 1536K, 0% used [0x00000000d6100000,0x00000000d6100000,0x00000000d6280000)
 ParOldGen       total 104960K, used 104871K [0x0000000080000000, 0x0000000086680000, 0x00000000d5580000)
  object space 104960K, 99% used [0x0000000080000000,0x0000000086669c20,0x0000000086680000)
 Metaspace       used 58060K, committed 59520K, reserved 1114112K
  class space    used 6266K, committed 6976K, reserved 1048576K
}
Event: 426.639 GC heap after
{Heap after GC invocations=100 (full 2):
 PSYoungGen      total 11776K, used 1280K [0x00000000d5580000, 0x00000000d6280000, 0x0000000100000000)
  eden space 10240K, 0% used [0x00000000d5580000,0x00000000d5580000,0x00000000d5f80000)
  from space 1536K, 83% used [0x00000000d6100000,0x00000000d6240000,0x00000000d6280000)
  to   space 1536K, 0% used [0x00000000d5f80000,0x00000000d5f80000,0x00000000d6100000)
 ParOldGen       total 106496K, used 106049K [0x0000000080000000, 0x0000000086800000, 0x00000000d5580000)
  object space 106496K, 99% used [0x0000000080000000,0x0000000086790438,0x0000000086800000)
 Metaspace       used 58060K, committed 59520K, reserved 1114112K
  class space    used 6266K, committed 6976K, reserved 1048576K
}
Event: 428.234 GC heap before
{Heap before GC invocations=101 (full 2):
 PSYoungGen      total 11776K, used 11520K [0x00000000d5580000, 0x00000000d6280000, 0x0000000100000000)
  eden space 10240K, 100% used [0x00000000d5580000,0x00000000d5f80000,0x00000000d5f80000)
  from space 1536K, 83% used [0x00000000d6100000,0x00000000d6240000,0x00000000d6280000)
  to   space 1536K, 0% used [0x00000000d5f80000,0x00000000d5f80000,0x00000000d6100000)
 ParOldGen       total 106496K, used 106049K [0x0000000080000000, 0x0000000086800000, 0x00000000d5580000)
  object space 106496K, 99% used [0x0000000080000000,0x0000000086790438,0x0000000086800000)
 Metaspace       used 58147K, committed 59584K, reserved 1114112K
  class space    used 6284K, committed 6976K, reserved 1048576K
}
Event: 428.548 GC heap after
{Heap after GC invocations=101 (full 2):
 PSYoungGen      total 11776K, used 11520K [0x00000000d5580000, 0x00000000d6280000, 0x0000000100000000)
  eden space 10240K, 100% used [0x00000000d5580000,0x00000000d5f80000,0x00000000d5f80000)
  from space 1536K, 83% used [0x00000000d6100000,0x00000000d6240000,0x00000000d6280000)
  to   space 1536K, 98% used [0x00000000d5f80000,0x00000000d60fb748,0x00000000d6100000)
 ParOldGen       total 107008K, used 107005K [0x0000000080000000, 0x0000000086880000, 0x00000000d5580000)
  object space 107008K, 99% used [0x0000000080000000,0x000000008687f720,0x0000000086880000)
 Metaspace       used 58147K, committed 59584K, reserved 1114112K
  class space    used 6284K, committed 6976K, reserved 1048576K
}
Event: 428.550 GC heap before
{Heap before GC invocations=102 (full 3):
 PSYoungGen      total 11776K, used 11520K [0x00000000d5580000, 0x00000000d6280000, 0x0000000100000000)
  eden space 10240K, 100% used [0x00000000d5580000,0x00000000d5f80000,0x00000000d5f80000)
  from space 1536K, 83% used [0x00000000d6100000,0x00000000d6240000,0x00000000d6280000)
  to   space 1536K, 98% used [0x00000000d5f80000,0x00000000d60fb748,0x00000000d6100000)
 ParOldGen       total 107008K, used 107005K [0x0000000080000000, 0x0000000086880000, 0x00000000d5580000)
  object space 107008K, 99% used [0x0000000080000000,0x000000008687f720,0x0000000086880000)
 Metaspace       used 58147K, committed 59584K, reserved 1114112K
  class space    used 6284K, committed 6976K, reserved 1048576K
}
Event: 434.041 GC heap after
{Heap after GC invocations=102 (full 3):
 PSYoungGen      total 11776K, used 0K [0x00000000d5580000, 0x00000000d6280000, 0x0000000100000000)
  eden space 10240K, 0% used [0x00000000d5580000,0x00000000d5580000,0x00000000d5f80000)
  from space 1536K, 0% used [0x00000000d5f80000,0x00000000d5f80000,0x00000000d6100000)
  to   space 1536K, 0% used [0x00000000d6100000,0x00000000d6100000,0x00000000d6280000)
 ParOldGen       total 110080K, used 83490K [0x0000000080000000, 0x0000000086b80000, 0x00000000d5580000)
  object space 110080K, 75% used [0x0000000080000000,0x00000000851889f8,0x0000000086b80000)
 Metaspace       used 58147K, committed 59584K, reserved 1114112K
  class space    used 6284K, committed 6976K, reserved 1048576K
}
Event: 439.544 GC heap before
{Heap before GC invocations=103 (full 3):
 PSYoungGen      total 11776K, used 10240K [0x00000000d5580000, 0x00000000d6280000, 0x0000000100000000)
  eden space 10240K, 100% used [0x00000000d5580000,0x00000000d5f80000,0x00000000d5f80000)
  from space 1536K, 0% used [0x00000000d5f80000,0x00000000d5f80000,0x00000000d6100000)
  to   space 1536K, 0% used [0x00000000d6100000,0x00000000d6100000,0x00000000d6280000)
 ParOldGen       total 110080K, used 83490K [0x0000000080000000, 0x0000000086b80000, 0x00000000d5580000)
  object space 110080K, 75% used [0x0000000080000000,0x00000000851889f8,0x0000000086b80000)
 Metaspace       used 58206K, committed 59648K, reserved 1114112K
  class space    used 6290K, committed 6976K, reserved 1048576K
}
Event: 439.692 GC heap after
{Heap after GC invocations=103 (full 3):
 PSYoungGen      total 11264K, used 1536K [0x00000000d5580000, 0x00000000d6380000, 0x0000000100000000)
  eden space 9728K, 0% used [0x00000000d5580000,0x00000000d5580000,0x00000000d5f00000)
  from space 1536K, 100% used [0x00000000d6100000,0x00000000d6280000,0x00000000d6280000)
  to   space 2048K, 0% used [0x00000000d5f00000,0x00000000d5f00000,0x00000000d6100000)
 ParOldGen       total 110080K, used 83554K [0x0000000080000000, 0x0000000086b80000, 0x00000000d5580000)
  object space 110080K, 75% used [0x0000000080000000,0x00000000851989f8,0x0000000086b80000)
 Metaspace       used 58206K, committed 59648K, reserved 1114112K
  class space    used 6290K, committed 6976K, reserved 1048576K
}

