# JRE version: OpenJDK Runtime Environment Temurin-17.0.17+10 (17.0.17+10) (build 17.0.17+10)
# Java VM: OpenJDK 64-Bit Server VM Temurin-17.0.17+10 (17.0.17+10, mixed mode, sharing, tiered, compressed oops, compressed class ptrs, g1 gc, windows-amd64)
GC Precious Log:
 CPUs: 4 total, 4 available
 Memory: 1909M
 Large Page Support: Disabled
 NUMA Support: Disabled
 Compressed Oops: Enabled (32-bit)
 Heap Region Size: 1M
 Heap Min Capacity: 8M
 Heap Initial Capacity: 30M
 Heap Max Capacity: 478M
 Pre-touch: Disabled
 Parallel Workers: 4
 Concurrent Workers: 1
 Concurrent Refinement Workers: 4
 Periodic GC: Disabled
Heap:
 garbage-first heap   total 88064K, used 50726K [0x00000000e2200000, 0x0000000100000000)
  region size 1024K, 18 young (18432K), 3 survivors (3072K)
 Metaspace       used 29497K, committed 29824K, reserved 1114112K
  class space    used 3457K, committed 3584K, reserved 1048576K
GC Heap History (20 events):
Event: 66.545 GC heap before
{Heap before GC invocations=12 (full 0):
 garbage-first heap   total 30720K, used 22795K [0x00000000e2200000, 0x0000000100000000)
  region size 1024K, 11 young (11264K), 2 survivors (2048K)
 Metaspace       used 15861K, committed 16000K, reserved 1114112K
  class space    used 1854K, committed 1920K, reserved 1048576K
}
Event: 66.560 GC heap after
{Heap after GC invocations=13 (full 0):
 garbage-first heap   total 30720K, used 14889K [0x00000000e2200000, 0x0000000100000000)
  region size 1024K, 2 young (2048K), 2 survivors (2048K)
 Metaspace       used 15861K, committed 16000K, reserved 1114112K
  class space    used 1854K, committed 1920K, reserved 1048576K
}
Event: 69.416 GC heap before
{Heap before GC invocations=13 (full 0):
 garbage-first heap   total 30720K, used 22057K [0x00000000e2200000, 0x0000000100000000)
  region size 1024K, 10 young (10240K), 2 survivors (2048K)
 Metaspace       used 16080K, committed 16256K, reserved 1114112K
  class space    used 1870K, committed 1920K, reserved 1048576K
}
Event: 69.445 GC heap after
{Heap after GC invocations=14 (full 0):
 garbage-first heap   total 30720K, used 15103K [0x00000000e2200000, 0x0000000100000000)
  region size 1024K, 1 young (1024K), 1 survivors (1024K)
 Metaspace       used 16080K, committed 16256K, reserved 1114112K
  class space    used 1870K, committed 1920K, reserved 1048576K
}
Event: 76.258 GC heap before
{Heap before GC invocations=15 (full 0):
 garbage-first heap   total 30720K, used 24319K [0x00000000e2200000, 0x0000000100000000)
  region size 1024K, 10 young (10240K), 1 survivors (1024K)
 Metaspace       used 16993K, committed 17280K, reserved 1114112K
  class space    used 1975K, committed 2112K, reserved 1048576K
}
Event: 76.293 GC heap after
{Heap after GC invocations=16 (full 0):
 garbage-first heap   total 30720K, used 15963K [0x00000000e2200000, 0x0000000100000000)
  region size 1024K, 2 young (2048K), 2 survivors (2048K)
 Metaspace       used 16993K, committed 17280K, reserved 1114112K
  class space    used 1975K, committed 2112K, reserved 1048576K
}
Event: 76.354 GC heap before
{Heap before GC invocations=16 (full 0):
 garbage-first heap   total 30720K, used 15963K [0x00000000e2200000, 0x0000000100000000)
  region size 1024K, 3 young (3072K), 2 survivors (2048K)
 Metaspace       used 17031K, committed 17344K, reserved 1114112K
  class space    used 1983K, committed 2112K, reserved 1048576K
}
Event: 76.374 GC heap after
{Heap after GC invocations=17 (full 0):
 garbage-first heap   total 30720K, used 15960K [0x00000000e2200000, 0x0000000100000000)
  region size 1024K, 2 young (2048K), 2 survivors (2048K)
 Metaspace       used 17031K, committed 17344K, reserved 1114112K
  class space    used 1983K, committed 2112K, reserved 1048576K
}
Event: 76.741 GC heap before
{Heap before GC invocations=18 (full 0):
 garbage-first heap   total 86016K, used 48728K [0x00000000e2200000, 0x0000000100000000)
  region size 1024K, 3 young (3072K), 2 survivors (2048K)
 Metaspace       used 17047K, committed 17344K, reserved 1114112K
  class space    used 1985K, committed 2112K, reserved 1048576K
}
Event: 76.754 GC heap after
{Heap after GC invocations=19 (full 0):
 garbage-first heap   total 86016K, used 16107K [0x00000000e2200000, 0x0000000100000000)
  region size 1024K, 1 young (1024K), 1 survivors (1024K)
 Metaspace       used 17047K, committed 17344K, reserved 1114112K
  class space    used 1985K, committed 2112K, reserved 1048576K
}
Event: 76.787 GC heap before
{Heap before GC invocations=19 (full 0):
 garbage-first heap   total 86016K, used 36587K [0x00000000e2200000, 0x0000000100000000)
  region size 1024K, 2 young (2048K), 1 survivors (1024K)
 Metaspace       used 17047K, committed 17344K, reserved 1114112K
  class space    used 1985K, committed 2112K, reserved 1048576K
}
Event: 76.789 GC heap after
{Heap after GC invocations=20 (full 0):
 garbage-first heap   total 86016K, used 36440K [0x00000000e2200000, 0x0000000100000000)
  region size 1024K, 1 young (1024K), 1 survivors (1024K)
 Metaspace       used 17047K, committed 17344K, reserved 1114112K
  class space    used 1985K, committed 2112K, reserved 1048576K
}
Event: 90.062 GC heap before
{Heap before GC invocations=20 (full 0):
 garbage-first heap   total 86016K, used 63064K [0x00000000e2200000, 0x0000000100000000)
  region size 1024K, 16 young (16384K), 1 survivors (1024K)
 Metaspace       used 19491K, committed 19776K, reserved 1114112K
  class space    used 2268K, committed 2432K, reserved 1048576K
}
Event: 90.087 GC heap after
{Heap after GC invocations=21 (full 0):
 garbage-first heap   total 86016K, used 16889K [0x00000000e2200000, 0x0000000100000000)
  region size 1024K, 1 young (1024K), 1 survivors (1024K)
 Metaspace       used 19491K, committed 19776K, reserved 1114112K
  class space    used 2268K, committed 2432K, reserved 1048576K
}
Event: 129.251 GC heap before
{Heap before GC invocations=21 (full 0):
 garbage-first heap   total 86016K, used 72185K [0x00000000e2200000, 0x0000000100000000)
  region size 1024K, 50 young (51200K), 1 survivors (1024K)
 Metaspace       used 25979K, committed 26304K, reserved 1114112K
  class space    used 3030K, committed 3200K, reserved 1048576K
}
Event: 129.657 GC heap after
{Heap after GC invocations=22 (full 0):
 garbage-first heap   total 88064K, used 35592K [0x00000000e2200000, 0x0000000100000000)
  region size 1024K, 7 young (7168K), 7 survivors (7168K)
 Metaspace       used 25979K, committed 26304K, reserved 1114112K
  class space    used 3030K, committed 3200K, reserved 1048576K
}
Event: 137.191 GC heap before
{Heap before GC invocations=22 (full 0):
 garbage-first heap   total 88064K, used 54024K [0x00000000e2200000, 0x0000000100000000)
  region size 1024K, 26 young (26624K), 7 survivors (7168K)
 Metaspace       used 26942K, committed 27200K, reserved 1114112K
  class space    used 3150K, committed 3264K, reserved 1048576K
}
Event: 137.268 GC heap after
{Heap after GC invocations=23 (full 0):
 garbage-first heap   total 88064K, used 37717K [0x00000000e2200000, 0x0000000100000000)
  region size 1024K, 2 young (2048K), 2 survivors (2048K)
 Metaspace       used 26942K, committed 27200K, reserved 1114112K
  class space    used 3150K, committed 3264K, reserved 1048576K
}
Event: 148.317 GC heap before
{Heap before GC invocations=23 (full 0):
 garbage-first heap   total 88064K, used 59221K [0x00000000e2200000, 0x0000000100000000)
  region size 1024K, 25 young (25600K), 2 survivors (2048K)
 Metaspace       used 28698K, committed 28928K, reserved 1114112K
  class space    used 3329K, committed 3456K, reserved 1048576K
}
Event: 148.470 GC heap after
{Heap after GC invocations=24 (full 0):
 garbage-first heap   total 88064K, used 38438K [0x00000000e2200000, 0x0000000100000000)
  region size 1024K, 3 young (3072K), 3 survivors (3072K)
 Metaspace       used 28698K, committed 28928K, reserved 1114112K
  class space    used 3329K, committed 3456K, reserved 1048576K
}

